<?xml version="1.0" encoding="UTF-8"?>
<!-- Generated by org.testng.reporters.JUnitXMLReporter -->
<testsuite ignored="0" hostname="LAPTOP-1DJK1HQQ" failures="0" tests="5" name="Test" time="87.986" errors="0" timestamp="2023-01-11T15:26:02 IST">
  <testcase classname="Tests.TestThree" name="testthree" time="25.555"/>
  <testcase classname="Tests.TestTWo" name="testwto" time="6.355"/>
  <testcase classname="Tests.LoginTest" name="login" time="4.409"/>
  <testcase classname="Tests.LoginTest" name="login" time="14.22"/>
  <testcase classname="Tests.FourTest" name="testfour" time="8.161"/>
</testsuite> <!-- Test -->
